<?xml version="1.0" encoding="UTF-8"?>
<!-- Generated by org.testng.reporters.JUnitReportReporter -->
<testsuite skipped="0" hostname="W-PF2A7J2T" name="com.tv.testcases.WeatherTest" tests="4" failures="0" timestamp="07 Sep 2020 16:00:06 GMT" time="10.158" errors="0">
  <testcase name="verifyHomePageTitle" time="2.070" classname="com.tv.testcases.WeatherTest"/>
  <testcase name="clickonWeatherTab" time="3.026" classname="com.tv.testcases.WeatherTest"/>
  <testcase name="verifyWeatherPageTitle" time="1.718" classname="com.tv.testcases.WeatherTest"/>
  <testcase name="selectCity" time="3.344" classname="com.tv.testcases.WeatherTest"/>
</testsuite> <!-- com.tv.testcases.WeatherTest -->
