<?xml version="1.0" encoding="UTF-8"?>
<!-- Generated by org.testng.reporters.JUnitReportReporter -->
<testsuite skipped="0" hostname="LAPTOP-7FEBO63T" name="com.tv.testcases.APIWeatherTest" tests="2" failures="0" timestamp="05 Sep 2020 11:23:17 GMT" time="4.300" errors="0">
  <testcase name="verifyStatusCode" time="0.044" classname="com.tv.testcases.APIWeatherTest"/>
  <testcase name="getTemprature" time="4.256" classname="com.tv.testcases.APIWeatherTest"/>
</testsuite> <!-- com.tv.testcases.APIWeatherTest -->
