<?xml version="1.0" encoding="UTF-8"?>
<!-- Generated by org.testng.reporters.JUnitReportReporter -->
<testsuite skipped="0" hostname="LAPTOP-7FEBO63T" name="com.tv.testcases.TempComparator" tests="1" failures="0" timestamp="06 Sep 2020 08:46:16 GMT" time="0.016" errors="0">
  <testcase name="test" time="0.016" classname="com.tv.testcases.TempComparator"/>
</testsuite> <!-- com.tv.testcases.TempComparator -->
