<?xml version="1.0" encoding="UTF-8"?>
<!-- Generated by org.testng.reporters.JUnitReportReporter -->
<testsuite skipped="0" hostname="W-PF2A7J2T" name="com.tv.testcases.CompareTemp" tests="3" failures="0" timestamp="07 Sep 2020 14:04:17 GMT" time="8.989" errors="0">
  <testcase name="getUITemprature" time="4.854" classname="com.tv.testcases.CompareTemp"/>
  <testcase name="getAPITemprature" time="4.131" classname="com.tv.testcases.CompareTemp"/>
  <testcase name="compareTemprature" time="0.004" classname="com.tv.testcases.CompareTemp"/>
</testsuite> <!-- com.tv.testcases.CompareTemp -->
