<?xml version="1.0" encoding="UTF-8"?>
<!-- Generated by org.testng.reporters.JUnitReportReporter -->
<testsuite skipped="0" hostname="LAPTOP-7FEBO63T" name="com.tv.testcases.APIWeatherTest" tests="2" failures="0" timestamp="05 Sep 2020 19:17:12 GMT" time="5.889" errors="0">
  <testcase name="verifyStatusCode" time="0.048" classname="com.tv.testcases.APIWeatherTest"/>
  <testcase name="getTemprature" time="5.841" classname="com.tv.testcases.APIWeatherTest"/>
</testsuite> <!-- com.tv.testcases.APIWeatherTest -->
