<?xml version="1.0" encoding="UTF-8"?>
<!-- Generated by org.testng.reporters.JUnitReportReporter -->
<testsuite skipped="0" hostname="LAPTOP-7FEBO63T" name="com.tv.testcases.APIWeatherTest" tests="1" failures="0" timestamp="06 Sep 2020 18:18:56 GMT" time="0.159" errors="0">
  <testcase name="verifyStatusCode" time="0.159" classname="com.tv.testcases.APIWeatherTest"/>
</testsuite> <!-- com.tv.testcases.APIWeatherTest -->
