<?xml version="1.0" encoding="UTF-8"?>
<!-- Generated by org.testng.reporters.JUnitReportReporter -->
<testsuite skipped="0" hostname="W-PF2A7J2T" name="com.tv.testcases.WeatherTest" tests="4" failures="0" timestamp="07 Sep 2020 13:17:22 GMT" time="28.171" errors="0">
  <testcase name="verifyHomePageTitle" time="0.119" classname="com.tv.testcases.WeatherTest"/>
  <testcase name="clickonWeatherTab" time="1.369" classname="com.tv.testcases.WeatherTest"/>
  <testcase name="verifyWeatherPageTitle" time="1.532" classname="com.tv.testcases.WeatherTest"/>
  <testcase name="selectCity" time="25.151" classname="com.tv.testcases.WeatherTest"/>
</testsuite> <!-- com.tv.testcases.WeatherTest -->
