<?xml version="1.0" encoding="UTF-8"?>
<!-- Generated by org.testng.reporters.JUnitReportReporter -->
<testsuite skipped="0" hostname="LAPTOP-7FEBO63T" name="com.tv.testcases.WeatherTest" tests="4" failures="0" timestamp="06 Sep 2020 08:46:16 GMT" time="67.106" errors="0">
  <testcase name="verifyHomePageTitle" time="10.150" classname="com.tv.testcases.WeatherTest"/>
  <testcase name="clickonWeatherTab" time="31.871" classname="com.tv.testcases.WeatherTest"/>
  <testcase name="verifyWeatherPageTitle" time="13.601" classname="com.tv.testcases.WeatherTest"/>
  <testcase name="selectCity" time="11.484" classname="com.tv.testcases.WeatherTest"/>
</testsuite> <!-- com.tv.testcases.WeatherTest -->
