<?xml version="1.0" encoding="UTF-8"?>
<!-- Generated by org.testng.reporters.JUnitReportReporter -->
<testsuite skipped="0" hostname="W-PF2A7J2T" name="com.tv.testcases.CompareTemp" tests="3" failures="0" timestamp="07 Sep 2020 15:38:35 GMT" time="12.311" errors="0">
  <testcase name="getUITemprature" time="7.190" classname="com.tv.testcases.CompareTemp"/>
  <testcase name="getAPITemprature" time="5.115" classname="com.tv.testcases.CompareTemp"/>
  <testcase name="compareTemprature" time="0.006" classname="com.tv.testcases.CompareTemp"/>
</testsuite> <!-- com.tv.testcases.CompareTemp -->
