<?xml version="1.0" encoding="UTF-8"?>
<!-- Generated by org.testng.reporters.JUnitReportReporter -->
<testsuite skipped="0" hostname="LAPTOP-7FEBO63T" name="com.tv.testcases.WeatherTest" tests="5" failures="0" timestamp="05 Sep 2020 07:36:41 GMT" time="146.203" errors="0">
  <testcase name="verifyHomePageTitle" time="0.384" classname="com.tv.testcases.WeatherTest"/>
  <testcase name="clickNotificationPopUp" time="126.139" classname="com.tv.testcases.WeatherTest"/>
  <testcase name="clickonWeatherTab" time="10.444" classname="com.tv.testcases.WeatherTest"/>
  <testcase name="verifyWeatherPageTitle" time="4.186" classname="com.tv.testcases.WeatherTest"/>
  <testcase name="selectCity" time="5.050" classname="com.tv.testcases.WeatherTest"/>
</testsuite> <!-- com.tv.testcases.WeatherTest -->
