<?xml version="1.0" encoding="UTF-8"?>
<!-- Generated by org.testng.reporters.JUnitReportReporter -->
<testsuite skipped="0" hostname="LAPTOP-7FEBO63T" name="com.tv.testcases.WeatherTest" tests="4" failures="0" timestamp="05 Sep 2020 11:23:17 GMT" time="46.444" errors="0">
  <testcase name="verifyHomePageTitle" time="3.640" classname="com.tv.testcases.WeatherTest"/>
  <testcase name="clickonWeatherTab" time="19.994" classname="com.tv.testcases.WeatherTest"/>
  <testcase name="verifyWeatherPageTitle" time="15.323" classname="com.tv.testcases.WeatherTest"/>
  <testcase name="selectCity" time="7.487" classname="com.tv.testcases.WeatherTest"/>
</testsuite> <!-- com.tv.testcases.WeatherTest -->
